<?xml version="1.0" encoding="UTF-8"?>
<testng-results skipped="2" failed="1" total="5" passed="2">
  <reporter-output>
  </reporter-output>
  <suite name="Forrester Suite" duration-ms="116847" started-at="2016-12-01T11:37:58Z" finished-at="2016-12-01T11:39:55Z">
    <groups>
    </groups>
    <test name="Navigate Test" duration-ms="53469" started-at="2016-12-01T11:37:58Z" finished-at="2016-12-01T11:38:51Z">
      <class name="com.forrester.testCases.Navigate">
        <test-method status="PASS" signature="navigateaction(java.util.Hashtable)[pri:1, instance:com.forrester.testCases.Navigate@6df97b55]" name="navigateaction" duration-ms="48736" started-at="2016-12-01T17:07:58Z" data-provider="getData" finished-at="2016-12-01T17:08:47Z">
          <params>
            <param index="0">
              <value>
                <![CDATA[{PlaceLocation=ariz, Runmode=Y}]]>
              </value>
            </param>
          </params>
          <reporter-output>
          </reporter-output>
        </test-method> <!-- navigateaction -->
      </class> <!-- com.forrester.testCases.Navigate -->
    </test> <!-- Navigate Test -->
    <test name="Mobformation Test" duration-ms="14698" started-at="2016-12-01T11:38:52Z" finished-at="2016-12-01T11:39:06Z">
      <class name="com.forrester.testCases.Mobformation">
        <test-method status="SKIP" signature="checkmobformation(java.util.Hashtable)[pri:3, instance:com.forrester.testCases.Mobformation@459e9125]" name="checkmobformation" duration-ms="1" started-at="2016-12-01T17:08:52Z" data-provider="getData" finished-at="2016-12-01T17:08:52Z">
          <params>
            <param index="0">
              <value>
                <![CDATA[{Runmode=N, Text=Location Error, Description=Awesome, PlaceSearch=Phil}]]>
              </value>
            </param>
          </params>
          <exception class="org.testng.SkipException">
            <message>
              <![CDATA[Runmode set to NO for the data set]]>
            </message>
            <full-stacktrace>
              <![CDATA[org.testng.SkipException: Runmode set to NO for the data set
	at com.forrester.testCases.Mobformation.checkmobformation(Mobformation.java:37)
	at sun.reflect.NativeMethodAccessorImpl.invoke0(Native Method)
	at sun.reflect.NativeMethodAccessorImpl.invoke(NativeMethodAccessorImpl.java:62)
	at sun.reflect.DelegatingMethodAccessorImpl.invoke(DelegatingMethodAccessorImpl.java:43)
	at java.lang.reflect.Method.invoke(Method.java:497)
	at org.testng.internal.MethodInvocationHelper.invokeMethod(MethodInvocationHelper.java:85)
	at org.testng.internal.Invoker.invokeMethod(Invoker.java:639)
	at org.testng.internal.Invoker.invokeTestMethod(Invoker.java:816)
	at org.testng.internal.Invoker.invokeTestMethods(Invoker.java:1124)
	at org.testng.internal.TestMethodWorker.invokeTestMethods(TestMethodWorker.java:125)
	at org.testng.internal.TestMethodWorker.run(TestMethodWorker.java:108)
	at org.testng.TestRunner.privateRun(TestRunner.java:774)
	at org.testng.TestRunner.run(TestRunner.java:624)
	at org.testng.SuiteRunner.runTest(SuiteRunner.java:359)
	at org.testng.SuiteRunner.runSequentially(SuiteRunner.java:354)
	at org.testng.SuiteRunner.privateRun(SuiteRunner.java:312)
	at org.testng.SuiteRunner.run(SuiteRunner.java:261)
	at org.testng.SuiteRunnerWorker.runSuite(SuiteRunnerWorker.java:52)
	at org.testng.SuiteRunnerWorker.run(SuiteRunnerWorker.java:86)
	at org.testng.TestNG.runSuitesSequentially(TestNG.java:1215)
	at org.testng.TestNG.runSuitesLocally(TestNG.java:1140)
	at org.testng.TestNG.run(TestNG.java:1048)
	at org.testng.TestNG.privateMain(TestNG.java:1355)
	at org.testng.TestNG.main(TestNG.java:1324)
]]>
            </full-stacktrace>
          </exception> <!-- org.testng.SkipException -->
          <reporter-output>
          </reporter-output>
        </test-method> <!-- checkmobformation -->
        <test-method status="SKIP" signature="checkmobformation(java.util.Hashtable)[pri:3, instance:com.forrester.testCases.Mobformation@459e9125]" name="checkmobformation" duration-ms="1" started-at="2016-12-01T17:08:53Z" data-provider="getData" finished-at="2016-12-01T17:08:53Z">
          <params>
            <param index="0">
              <value>
                <![CDATA[{Runmode=N, Text=Location Errors, Description=Cool, PlaceSearch=Tex}]]>
              </value>
            </param>
          </params>
          <exception class="org.testng.SkipException">
            <message>
              <![CDATA[Runmode set to NO for the data set]]>
            </message>
            <full-stacktrace>
              <![CDATA[org.testng.SkipException: Runmode set to NO for the data set
	at com.forrester.testCases.Mobformation.checkmobformation(Mobformation.java:37)
	at sun.reflect.NativeMethodAccessorImpl.invoke0(Native Method)
	at sun.reflect.NativeMethodAccessorImpl.invoke(NativeMethodAccessorImpl.java:62)
	at sun.reflect.DelegatingMethodAccessorImpl.invoke(DelegatingMethodAccessorImpl.java:43)
	at java.lang.reflect.Method.invoke(Method.java:497)
	at org.testng.internal.MethodInvocationHelper.invokeMethod(MethodInvocationHelper.java:85)
	at org.testng.internal.Invoker.invokeMethod(Invoker.java:639)
	at org.testng.internal.Invoker.invokeTestMethod(Invoker.java:816)
	at org.testng.internal.Invoker.invokeTestMethods(Invoker.java:1124)
	at org.testng.internal.TestMethodWorker.invokeTestMethods(TestMethodWorker.java:125)
	at org.testng.internal.TestMethodWorker.run(TestMethodWorker.java:108)
	at org.testng.TestRunner.privateRun(TestRunner.java:774)
	at org.testng.TestRunner.run(TestRunner.java:624)
	at org.testng.SuiteRunner.runTest(SuiteRunner.java:359)
	at org.testng.SuiteRunner.runSequentially(SuiteRunner.java:354)
	at org.testng.SuiteRunner.privateRun(SuiteRunner.java:312)
	at org.testng.SuiteRunner.run(SuiteRunner.java:261)
	at org.testng.SuiteRunnerWorker.runSuite(SuiteRunnerWorker.java:52)
	at org.testng.SuiteRunnerWorker.run(SuiteRunnerWorker.java:86)
	at org.testng.TestNG.runSuitesSequentially(TestNG.java:1215)
	at org.testng.TestNG.runSuitesLocally(TestNG.java:1140)
	at org.testng.TestNG.run(TestNG.java:1048)
	at org.testng.TestNG.privateMain(TestNG.java:1355)
	at org.testng.TestNG.main(TestNG.java:1324)
]]>
            </full-stacktrace>
          </exception> <!-- org.testng.SkipException -->
          <reporter-output>
          </reporter-output>
        </test-method> <!-- checkmobformation -->
      </class> <!-- com.forrester.testCases.Mobformation -->
    </test> <!-- Mobformation Test -->
    <test name="MobSearch Test" duration-ms="48239" started-at="2016-12-01T11:39:06Z" finished-at="2016-12-01T11:39:55Z">
      <class name="com.forrester.testCases.MobSearch">
        <test-method status="PASS" signature="searchMob(java.util.Hashtable)[pri:2, instance:com.forrester.testCases.MobSearch@36fc695d]" name="searchMob" duration-ms="26050" started-at="2016-12-01T17:09:06Z" data-provider="getData" finished-at="2016-12-01T17:09:32Z">
          <params>
            <param index="0">
              <value>
                <![CDATA[{PeopleSearch=Don, Runmode=Y, ExpectedText=Mobs}]]>
              </value>
            </param>
          </params>
          <reporter-output>
          </reporter-output>
        </test-method> <!-- searchMob -->
        <test-method status="FAIL" signature="searchMob(java.util.Hashtable)[pri:2, instance:com.forrester.testCases.MobSearch@36fc695d]" name="searchMob" duration-ms="17945" started-at="2016-12-01T17:09:34Z" data-provider="getData" finished-at="2016-12-01T17:09:52Z">
          <params>
            <param index="0">
              <value>
                <![CDATA[{PeopleSearch=Mon, Runmode=Y, ExpectedText=Bon}]]>
              </value>
            </param>
          </params>
          <exception class="java.lang.AssertionError">
            <message>
              <![CDATA[expected [Bon] but found [Mobs]]]>
            </message>
            <full-stacktrace>
              <![CDATA[java.lang.AssertionError: expected [Bon] but found [Mobs]
	at org.testng.Assert.fail(Assert.java:94)
	at org.testng.Assert.failNotEquals(Assert.java:496)
	at org.testng.Assert.assertEquals(Assert.java:125)
	at org.testng.Assert.assertEquals(Assert.java:178)
	at org.testng.Assert.assertEquals(Assert.java:188)
	at com.forrester.pages.MobsPage.MonPeopleSearch(MobsPage.java:28)
	at com.forrester.testCases.MobSearch.searchMob(MobSearch.java:37)
	at sun.reflect.NativeMethodAccessorImpl.invoke0(Native Method)
	at sun.reflect.NativeMethodAccessorImpl.invoke(NativeMethodAccessorImpl.java:62)
	at sun.reflect.DelegatingMethodAccessorImpl.invoke(DelegatingMethodAccessorImpl.java:43)
	at java.lang.reflect.Method.invoke(Method.java:497)
	at org.testng.internal.MethodInvocationHelper.invokeMethod(MethodInvocationHelper.java:85)
	at org.testng.internal.Invoker.invokeMethod(Invoker.java:639)
	at org.testng.internal.Invoker.invokeTestMethod(Invoker.java:816)
	at org.testng.internal.Invoker.invokeTestMethods(Invoker.java:1124)
	at org.testng.internal.TestMethodWorker.invokeTestMethods(TestMethodWorker.java:125)
	at org.testng.internal.TestMethodWorker.run(TestMethodWorker.java:108)
	at org.testng.TestRunner.privateRun(TestRunner.java:774)
	at org.testng.TestRunner.run(TestRunner.java:624)
	at org.testng.SuiteRunner.runTest(SuiteRunner.java:359)
	at org.testng.SuiteRunner.runSequentially(SuiteRunner.java:354)
	at org.testng.SuiteRunner.privateRun(SuiteRunner.java:312)
	at org.testng.SuiteRunner.run(SuiteRunner.java:261)
	at org.testng.SuiteRunnerWorker.runSuite(SuiteRunnerWorker.java:52)
	at org.testng.SuiteRunnerWorker.run(SuiteRunnerWorker.java:86)
	at org.testng.TestNG.runSuitesSequentially(TestNG.java:1215)
	at org.testng.TestNG.runSuitesLocally(TestNG.java:1140)
	at org.testng.TestNG.run(TestNG.java:1048)
	at org.testng.TestNG.privateMain(TestNG.java:1355)
	at org.testng.TestNG.main(TestNG.java:1324)
]]>
            </full-stacktrace>
          </exception> <!-- java.lang.AssertionError -->
          <reporter-output>
          </reporter-output>
        </test-method> <!-- searchMob -->
        <test-method status="PASS" signature="teardown()[pri:0, instance:com.forrester.testCases.MobSearch@36fc695d]" name="teardown" is-config="true" duration-ms="1" started-at="2016-12-01T17:09:55Z" finished-at="2016-12-01T17:09:55Z">
          <reporter-output>
          </reporter-output>
        </test-method> <!-- teardown -->
      </class> <!-- com.forrester.testCases.MobSearch -->
      <class name="com.forrester.testCases.Navigate">
        <test-method status="PASS" signature="beforetest()[pri:0, instance:com.forrester.testCases.Navigate@6df97b55]" name="beforetest" is-config="true" duration-ms="69287" started-at="2016-12-01T17:06:48Z" finished-at="2016-12-01T17:07:58Z">
          <reporter-output>
          </reporter-output>
        </test-method> <!-- beforetest -->
      </class> <!-- com.forrester.testCases.Navigate -->
    </test> <!-- MobSearch Test -->
  </suite> <!-- Forrester Suite -->
</testng-results>
