<?xml version="1.0" encoding="UTF-8"?>
<!-- Generated by org.testng.reporters.JUnitXMLReporter -->
<testsuite hostname="PUNsgomes0MFVH7.local" name="MobSearch Test" tests="2" failures="0" timestamp="17 Jan 2017 20:10:40 GMT" time="0.124" errors="0">
  <testcase name="@BeforeSuite beforetest" time="0.0" classname="com.forrester.testCases.Navigate">
    <failure type="org.openqa.selenium.SessionNotCreatedException" message="A new session could not be created. Details: Appium&amp;apos;s IosDriver does not support xcode version 8.2.1. Apple has deprecated UIAutomation. Use the &amp;quot;XCUITest&amp;quot; automationName capability instead. (WARNING: The server did not provide any stacktrace information)
Command duration or timeout: 370 milliseconds
Build info: version: &amp;apos;2.52.0&amp;apos;, revision: &amp;apos;4c2593c&amp;apos;, time: &amp;apos;2016-02-11 19:03:33&amp;apos;
System info: host: &amp;apos;PUNsgomes0MFVH7.local&amp;apos;, ip: &amp;apos;192.168.1.6&amp;apos;, os.name: &amp;apos;Mac OS X&amp;apos;, os.arch: &amp;apos;x86_64&amp;apos;, os.version: &amp;apos;10.12.2&amp;apos;, java.version: &amp;apos;1.8.0_60&amp;apos;
Driver info: io.appium.java_client.ios.IOSDriver">
      <![CDATA[org.openqa.selenium.SessionNotCreatedException: A new session could not be created. Details: Appium's IosDriver does not support xcode version 8.2.1. Apple has deprecated UIAutomation. Use the "XCUITest" automationName capability instead. (WARNING: The server did not provide any stacktrace information)
Command duration or timeout: 370 milliseconds
Build info: version: '2.52.0', revision: '4c2593c', time: '2016-02-11 19:03:33'
System info: host: 'PUNsgomes0MFVH7.local', ip: '192.168.1.6', os.name: 'Mac OS X', os.arch: 'x86_64', os.version: '10.12.2', java.version: '1.8.0_60'
Driver info: io.appium.java_client.ios.IOSDriver
	at org.openqa.selenium.remote.ErrorHandler.createThrowable(ErrorHandler.java:206)
	at org.openqa.selenium.remote.ErrorHandler.throwIfResponseFailed(ErrorHandler.java:158)
	at org.openqa.selenium.remote.RemoteWebDriver.execute(RemoteWebDriver.java:678)
	at io.appium.java_client.DefaultGenericMobileDriver.execute(DefaultGenericMobileDriver.java:40)
	at io.appium.java_client.AppiumDriver.execute(AppiumDriver.java:1)
	at io.appium.java_client.ios.IOSDriver.execute(IOSDriver.java:1)
	at org.openqa.selenium.remote.RemoteWebDriver.startSession(RemoteWebDriver.java:249)
	at org.openqa.selenium.remote.RemoteWebDriver.<init>(RemoteWebDriver.java:131)
	at org.openqa.selenium.remote.RemoteWebDriver.<init>(RemoteWebDriver.java:144)
	at io.appium.java_client.DefaultGenericMobileDriver.<init>(DefaultGenericMobileDriver.java:36)
	at io.appium.java_client.AppiumDriver.<init>(AppiumDriver.java:114)
	at io.appium.java_client.AppiumDriver.<init>(AppiumDriver.java:132)
	at io.appium.java_client.ios.IOSDriver.<init>(IOSDriver.java:82)
	at com.forrester.config.MobileAppConfiguration.setupMobileAppConfigForIOS(MobileAppConfiguration.java:105)
	at com.forrester.testCases.Navigate.beforetest(Navigate.java:29)
... Removed 21 stack frames]]>
    </failure>
  </testcase> <!-- @BeforeSuite beforetest -->
  <testcase name="searchMob" time="0.0" classname="com.forrester.testCases.MobSearch">
    <skipped/>
  </testcase> <!-- searchMob -->
  <testcase name="searchMob" time="0.0" classname="com.forrester.testCases.MobSearch">
    <skipped/>
  </testcase> <!-- searchMob -->
</testsuite> <!-- MobSearch Test -->
